\BOOKMARK [0][-]{chapter.1}{\376\377\000N\000a\000m\000e\000s\000p\000a\000c\000e\000\040\000I\000n\000d\000e\000x}{}% 1
\BOOKMARK [1][-]{section.1.1}{\376\377\000N\000a\000m\000e\000s\000p\000a\000c\000e\000\040\000L\000i\000s\000t}{chapter.1}% 2
\BOOKMARK [0][-]{chapter.2}{\376\377\000C\000l\000a\000s\000s\000\040\000I\000n\000d\000e\000x}{}% 3
\BOOKMARK [1][-]{section.2.1}{\376\377\000C\000l\000a\000s\000s\000\040\000L\000i\000s\000t}{chapter.2}% 4
\BOOKMARK [0][-]{chapter.3}{\376\377\000F\000i\000l\000e\000\040\000I\000n\000d\000e\000x}{}% 5
\BOOKMARK [1][-]{section.3.1}{\376\377\000F\000i\000l\000e\000\040\000L\000i\000s\000t}{chapter.3}% 6
\BOOKMARK [0][-]{chapter.4}{\376\377\000N\000a\000m\000e\000s\000p\000a\000c\000e\000\040\000D\000o\000c\000u\000m\000e\000n\000t\000a\000t\000i\000o\000n}{}% 7
\BOOKMARK [1][-]{section.4.1}{\376\377\000a\000f\000l\000r\0002\000u\000t\000i\000l\000s\000\040\000N\000a\000m\000e\000s\000p\000a\000c\000e\000\040\000R\000e\000f\000e\000r\000e\000n\000c\000e}{chapter.4}% 8
\BOOKMARK [1][-]{section.4.2}{\376\377\000a\000f\000l\000r\0002\000u\000t\000i\000l\000s\000.\000d\000i\000s\000t\000r\000i\000b\000u\000t\000i\000o\000n\000s\000\040\000N\000a\000m\000e\000s\000p\000a\000c\000e\000\040\000R\000e\000f\000e\000r\000e\000n\000c\000e}{chapter.4}% 9
\BOOKMARK [1][-]{section.4.3}{\376\377\000a\000f\000l\000r\0002\000u\000t\000i\000l\000s\000.\000g\000e\000o\000m\000e\000t\000r\000y\000\040\000N\000a\000m\000e\000s\000p\000a\000c\000e\000\040\000R\000e\000f\000e\000r\000e\000n\000c\000e}{chapter.4}% 10
\BOOKMARK [2][-]{subsection.4.3.1}{\376\377\000F\000u\000n\000c\000t\000i\000o\000n\000\040\000D\000o\000c\000u\000m\000e\000n\000t\000a\000t\000i\000o\000n}{section.4.3}% 11
\BOOKMARK [3][-]{subsubsection.4.3.1.1}{\376\377\000i\000m\000p\000o\000r\000t\000\137\000g\000e\000o\000m\000e\000t\000r\000y}{subsection.4.3.1}% 12
\BOOKMARK [1][-]{section.4.4}{\376\377\000a\000f\000l\000r\0002\000u\000t\000i\000l\000s\000.\000m\000e\000s\000h\000\040\000N\000a\000m\000e\000s\000p\000a\000c\000e\000\040\000R\000e\000f\000e\000r\000e\000n\000c\000e}{chapter.4}% 13
\BOOKMARK [2][-]{subsection.4.4.1}{\376\377\000F\000u\000n\000c\000t\000i\000o\000n\000\040\000D\000o\000c\000u\000m\000e\000n\000t\000a\000t\000i\000o\000n}{section.4.4}% 14
\BOOKMARK [3][-]{subsubsection.4.4.1.1}{\376\377\000c\000r\000e\000a\000t\000e\000\137\000c\000i\000r\000c\000u\000l\000a\000r\000\137\000a\000r\000c\000\137\000c\000o\000n\000n\000e\000c\000t\000o\000r}{subsection.4.4.1}% 15
\BOOKMARK [3][-]{subsubsection.4.4.1.2}{\376\377\000c\000r\000e\000a\000t\000e\000\137\000c\000i\000r\000c\000u\000l\000a\000r\000\137\000c\000o\000n\000n\000e\000c\000t\000o\000r}{subsection.4.4.1}% 16
\BOOKMARK [0][-]{chapter.5}{\376\377\000C\000l\000a\000s\000s\000\040\000D\000o\000c\000u\000m\000e\000n\000t\000a\000t\000i\000o\000n}{}% 17
\BOOKMARK [1][-]{section.5.1}{\376\377\000a\000f\000l\000r\0002\000u\000t\000i\000l\000s\000.\000m\000e\000s\000h\000.\000C\000o\000n\000n\000e\000c\000t\000o\000r\000\040\000C\000l\000a\000s\000s\000\040\000R\000e\000f\000e\000r\000e\000n\000c\000e}{chapter.5}% 18
\BOOKMARK [2][-]{subsection.5.1.1}{\376\377\000D\000e\000t\000a\000i\000l\000e\000d\000\040\000D\000e\000s\000c\000r\000i\000p\000t\000i\000o\000n}{section.5.1}% 19
\BOOKMARK [2][-]{subsection.5.1.2}{\376\377\000C\000o\000n\000s\000t\000r\000u\000c\000t\000o\000r\000\040\000\046\000\040\000D\000e\000s\000t\000r\000u\000c\000t\000o\000r\000\040\000D\000o\000c\000u\000m\000e\000n\000t\000a\000t\000i\000o\000n}{section.5.1}% 20
\BOOKMARK [3][-]{subsubsection.5.1.2.1}{\376\377\000\137\000\137\000i\000n\000i\000t\000\137\000\137}{subsection.5.1.2}% 21
\BOOKMARK [2][-]{subsection.5.1.3}{\376\377\000M\000e\000m\000b\000e\000r\000\040\000F\000u\000n\000c\000t\000i\000o\000n\000\040\000D\000o\000c\000u\000m\000e\000n\000t\000a\000t\000i\000o\000n}{section.5.1}% 22
\BOOKMARK [3][-]{subsubsection.5.1.3.1}{\376\377\000c\000r\000e\000a\000t\000e\000\137\000p\000o\000i\000n\000t\000\137\000d\000i\000s\000t\000r\000i\000b\000u\000t\000i\000o\000n}{subsection.5.1.3}% 23
\BOOKMARK [2][-]{subsection.5.1.4}{\376\377\000M\000e\000m\000b\000e\000r\000\040\000D\000a\000t\000a\000\040\000D\000o\000c\000u\000m\000e\000n\000t\000a\000t\000i\000o\000n}{section.5.1}% 24
\BOOKMARK [3][-]{subsubsection.5.1.4.1}{\376\377\000b\000c}{subsection.5.1.4}% 25
\BOOKMARK [3][-]{subsubsection.5.1.4.2}{\376\377\000n\000o\000d\000e\000s}{subsection.5.1.4}% 26
\BOOKMARK [3][-]{subsubsection.5.1.4.3}{\376\377\000n\000u\000m\000\137\000p\000o\000i\000n\000t\000s}{subsection.5.1.4}% 27
\BOOKMARK [3][-]{subsubsection.5.1.4.4}{\376\377\000s\000e\000g}{subsection.5.1.4}% 28
\BOOKMARK [1][-]{section.5.2}{\376\377\000a\000f\000l\000r\0002\000u\000t\000i\000l\000s\000.\000m\000e\000s\000h\000.\000E\000d\000g\000e\000\040\000C\000l\000a\000s\000s\000\040\000R\000e\000f\000e\000r\000e\000n\000c\000e}{chapter.5}% 29
\BOOKMARK [2][-]{subsection.5.2.1}{\376\377\000D\000e\000t\000a\000i\000l\000e\000d\000\040\000D\000e\000s\000c\000r\000i\000p\000t\000i\000o\000n}{section.5.2}% 30
\BOOKMARK [2][-]{subsection.5.2.2}{\376\377\000C\000o\000n\000s\000t\000r\000u\000c\000t\000o\000r\000\040\000\046\000\040\000D\000e\000s\000t\000r\000u\000c\000t\000o\000r\000\040\000D\000o\000c\000u\000m\000e\000n\000t\000a\000t\000i\000o\000n}{section.5.2}% 31
\BOOKMARK [3][-]{subsubsection.5.2.2.1}{\376\377\000\137\000\137\000i\000n\000i\000t\000\137\000\137}{subsection.5.2.2}% 32
\BOOKMARK [2][-]{subsection.5.2.3}{\376\377\000M\000e\000m\000b\000e\000r\000\040\000D\000a\000t\000a\000\040\000D\000o\000c\000u\000m\000e\000n\000t\000a\000t\000i\000o\000n}{section.5.2}% 33
\BOOKMARK [3][-]{subsubsection.5.2.3.1}{\376\377\000c\000o\000n\000n\000e\000c\000t\000o\000r\000s}{subsection.5.2.3}% 34
\BOOKMARK [1][-]{section.5.3}{\376\377\000a\000f\000l\000r\0002\000u\000t\000i\000l\000s\000.\000d\000i\000s\000t\000r\000i\000b\000u\000t\000i\000o\000n\000s\000.\000H\000y\000p\000e\000r\000b\000o\000l\000i\000c\000T\000a\000n\000g\000e\000n\000t\000\040\000C\000l\000a\000s\000s\000\040\000R\000e\000f\000e\000r\000e\000n\000c\000e}{chapter.5}% 35
\BOOKMARK [2][-]{subsection.5.3.1}{\376\377\000D\000e\000t\000a\000i\000l\000e\000d\000\040\000D\000e\000s\000c\000r\000i\000p\000t\000i\000o\000n}{section.5.3}% 36
\BOOKMARK [2][-]{subsection.5.3.2}{\376\377\000C\000o\000n\000s\000t\000r\000u\000c\000t\000o\000r\000\040\000\046\000\040\000D\000e\000s\000t\000r\000u\000c\000t\000o\000r\000\040\000D\000o\000c\000u\000m\000e\000n\000t\000a\000t\000i\000o\000n}{section.5.3}% 37
\BOOKMARK [3][-]{subsubsection.5.3.2.1}{\376\377\000\137\000\137\000i\000n\000i\000t\000\137\000\137}{subsection.5.3.2}% 38
\BOOKMARK [2][-]{subsection.5.3.3}{\376\377\000M\000e\000m\000b\000e\000r\000\040\000F\000u\000n\000c\000t\000i\000o\000n\000\040\000D\000o\000c\000u\000m\000e\000n\000t\000a\000t\000i\000o\000n}{section.5.3}% 39
\BOOKMARK [3][-]{subsubsection.5.3.3.1}{\376\377\000f\000i\000n\000d\000\137\000d\000e\000l\000t\000a}{subsection.5.3.3}% 40
\BOOKMARK [3][-]{subsubsection.5.3.3.2}{\376\377\000s}{subsection.5.3.3}% 41
\BOOKMARK [2][-]{subsection.5.3.4}{\376\377\000M\000e\000m\000b\000e\000r\000\040\000D\000a\000t\000a\000\040\000D\000o\000c\000u\000m\000e\000n\000t\000a\000t\000i\000o\000n}{section.5.3}% 42
\BOOKMARK [3][-]{subsubsection.5.3.4.1}{\376\377\000d\000e\000l\000t\000a}{subsection.5.3.4}% 43
\BOOKMARK [3][-]{subsubsection.5.3.4.2}{\376\377\000d\000s}{subsection.5.3.4}% 44
\BOOKMARK [3][-]{subsubsection.5.3.4.3}{\376\377\000i\000m\000a\000x}{subsection.5.3.4}% 45
\BOOKMARK [3][-]{subsubsection.5.3.4.4}{\376\377\000r\000e\000v\000e\000r\000s\000e}{subsection.5.3.4}% 46
\BOOKMARK [3][-]{subsubsection.5.3.4.5}{\376\377\000s\000\137\000f\000u\000n}{subsection.5.3.4}% 47
\BOOKMARK [1][-]{section.5.4}{\376\377\000a\000f\000l\000r\0002\000u\000t\000i\000l\000s\000.\000m\000e\000s\000h\000.\000M\000e\000s\000h\000\040\000C\000l\000a\000s\000s\000\040\000R\000e\000f\000e\000r\000e\000n\000c\000e}{chapter.5}% 48
\BOOKMARK [2][-]{subsection.5.4.1}{\376\377\000D\000e\000t\000a\000i\000l\000e\000d\000\040\000D\000e\000s\000c\000r\000i\000p\000t\000i\000o\000n}{section.5.4}% 49
\BOOKMARK [2][-]{subsection.5.4.2}{\376\377\000C\000o\000n\000s\000t\000r\000u\000c\000t\000o\000r\000\040\000\046\000\040\000D\000e\000s\000t\000r\000u\000c\000t\000o\000r\000\040\000D\000o\000c\000u\000m\000e\000n\000t\000a\000t\000i\000o\000n}{section.5.4}% 50
\BOOKMARK [3][-]{subsubsection.5.4.2.1}{\376\377\000\137\000\137\000i\000n\000i\000t\000\137\000\137}{subsection.5.4.2}% 51
\BOOKMARK [2][-]{subsection.5.4.3}{\376\377\000M\000e\000m\000b\000e\000r\000\040\000F\000u\000n\000c\000t\000i\000o\000n\000\040\000D\000o\000c\000u\000m\000e\000n\000t\000a\000t\000i\000o\000n}{section.5.4}% 52
\BOOKMARK [3][-]{subsubsection.5.4.3.1}{\376\377\000w\000r\000i\000t\000e\000\137\000b\000e\000d\000g\000e}{subsection.5.4.3}% 53
\BOOKMARK [2][-]{subsection.5.4.4}{\376\377\000M\000e\000m\000b\000e\000r\000\040\000D\000a\000t\000a\000\040\000D\000o\000c\000u\000m\000e\000n\000t\000a\000t\000i\000o\000n}{section.5.4}% 54
\BOOKMARK [3][-]{subsubsection.5.4.4.1}{\376\377\000e\000d\000g\000e\000s}{subsection.5.4.4}% 55
\BOOKMARK [1][-]{section.5.5}{\376\377\000a\000f\000l\000r\0002\000u\000t\000i\000l\000s\000.\000g\000e\000o\000m\000e\000t\000r\000y\000.\000P\000o\000i\000n\000t\000\040\000C\000l\000a\000s\000s\000\040\000R\000e\000f\000e\000r\000e\000n\000c\000e}{chapter.5}% 56
\BOOKMARK [2][-]{subsection.5.5.1}{\376\377\000D\000e\000t\000a\000i\000l\000e\000d\000\040\000D\000e\000s\000c\000r\000i\000p\000t\000i\000o\000n}{section.5.5}% 57
\BOOKMARK [2][-]{subsection.5.5.2}{\376\377\000C\000o\000n\000s\000t\000r\000u\000c\000t\000o\000r\000\040\000\046\000\040\000D\000e\000s\000t\000r\000u\000c\000t\000o\000r\000\040\000D\000o\000c\000u\000m\000e\000n\000t\000a\000t\000i\000o\000n}{section.5.5}% 58
\BOOKMARK [3][-]{subsubsection.5.5.2.1}{\376\377\000\137\000\137\000i\000n\000i\000t\000\137\000\137}{subsection.5.5.2}% 59
\BOOKMARK [2][-]{subsection.5.5.3}{\376\377\000M\000e\000m\000b\000e\000r\000\040\000D\000a\000t\000a\000\040\000D\000o\000c\000u\000m\000e\000n\000t\000a\000t\000i\000o\000n}{section.5.5}% 60
\BOOKMARK [3][-]{subsubsection.5.5.3.1}{\376\377\000x}{subsection.5.5.3}% 61
\BOOKMARK [3][-]{subsubsection.5.5.3.2}{\376\377\000y}{subsection.5.5.3}% 62
\BOOKMARK [1][-]{section.5.6}{\376\377\000a\000f\000l\000r\0002\000u\000t\000i\000l\000s\000.\000g\000e\000o\000m\000e\000t\000r\000y\000.\000S\000e\000g\000m\000e\000n\000t\000\040\000C\000l\000a\000s\000s\000\040\000R\000e\000f\000e\000r\000e\000n\000c\000e}{chapter.5}% 63
\BOOKMARK [2][-]{subsection.5.6.1}{\376\377\000D\000e\000t\000a\000i\000l\000e\000d\000\040\000D\000e\000s\000c\000r\000i\000p\000t\000i\000o\000n}{section.5.6}% 64
\BOOKMARK [2][-]{subsection.5.6.2}{\376\377\000C\000o\000n\000s\000t\000r\000u\000c\000t\000o\000r\000\040\000\046\000\040\000D\000e\000s\000t\000r\000u\000c\000t\000o\000r\000\040\000D\000o\000c\000u\000m\000e\000n\000t\000a\000t\000i\000o\000n}{section.5.6}% 65
\BOOKMARK [3][-]{subsubsection.5.6.2.1}{\376\377\000\137\000\137\000i\000n\000i\000t\000\137\000\137}{subsection.5.6.2}% 66
\BOOKMARK [2][-]{subsection.5.6.3}{\376\377\000M\000e\000m\000b\000e\000r\000\040\000F\000u\000n\000c\000t\000i\000o\000n\000\040\000D\000o\000c\000u\000m\000e\000n\000t\000a\000t\000i\000o\000n}{section.5.6}% 67
\BOOKMARK [3][-]{subsubsection.5.6.3.1}{\376\377\000f\000i\000n\000d\000\137\000i\000n\000n\000e\000r\000\137\000c\000o\000n\000t\000r\000o\000l\000\137\000p\000o\000i\000n\000t\000s}{subsection.5.6.3}% 68
\BOOKMARK [3][-]{subsubsection.5.6.3.2}{\376\377\000g\000e\000t\000\137\000p\000o\000i\000n\000t}{subsection.5.6.3}% 69
\BOOKMARK [3][-]{subsubsection.5.6.3.3}{\376\377\000o\000b\000j\000\137\000f\000u\000n\000c}{subsection.5.6.3}% 70
\BOOKMARK [2][-]{subsection.5.6.4}{\376\377\000M\000e\000m\000b\000e\000r\000\040\000D\000a\000t\000a\000\040\000D\000o\000c\000u\000m\000e\000n\000t\000a\000t\000i\000o\000n}{section.5.6}% 71
\BOOKMARK [3][-]{subsubsection.5.6.4.1}{\376\377\000b\000e\000z\000i\000e\000r\000\137\000f\000u\000n\000\137\000x}{subsection.5.6.4}% 72
\BOOKMARK [3][-]{subsubsection.5.6.4.2}{\376\377\000b\000e\000z\000i\000e\000r\000\137\000f\000u\000n\000\137\000y}{subsection.5.6.4}% 73
\BOOKMARK [3][-]{subsubsection.5.6.4.3}{\376\377\000i\000s\000\137\000b\000e\000z\000i\000e\000r}{subsection.5.6.4}% 74
\BOOKMARK [3][-]{subsubsection.5.6.4.4}{\376\377\000p\0000}{subsection.5.6.4}% 75
\BOOKMARK [3][-]{subsubsection.5.6.4.5}{\376\377\000p\0001}{subsection.5.6.4}% 76
\BOOKMARK [3][-]{subsubsection.5.6.4.6}{\376\377\000p\0002}{subsection.5.6.4}% 77
\BOOKMARK [3][-]{subsubsection.5.6.4.7}{\376\377\000p\0003}{subsection.5.6.4}% 78
\BOOKMARK [3][-]{subsubsection.5.6.4.8}{\376\377\000p\000o\000i\000n\000t\000s}{subsection.5.6.4}% 79
\BOOKMARK [3][-]{subsubsection.5.6.4.9}{\376\377\000s\000p\000a\000c\000i\000n\000g\000\137\000f\000u\000n\000c\000t\000i\000o\000n}{subsection.5.6.4}% 80
\BOOKMARK [3][-]{subsubsection.5.6.4.10}{\376\377\000s\000t\000r\000a\000i\000g\000h\000t\000\137\000f\000u\000n\000\137\000x}{subsection.5.6.4}% 81
\BOOKMARK [3][-]{subsubsection.5.6.4.11}{\376\377\000s\000t\000r\000a\000i\000g\000h\000t\000\137\000f\000u\000n\000\137\000y}{subsection.5.6.4}% 82
\BOOKMARK [3][-]{subsubsection.5.6.4.12}{\376\377\000x\0000}{subsection.5.6.4}% 83
\BOOKMARK [3][-]{subsubsection.5.6.4.13}{\376\377\000x\000\137\000d\000a\000t\000a}{subsection.5.6.4}% 84
\BOOKMARK [3][-]{subsubsection.5.6.4.14}{\376\377\000y\000\137\000d\000a\000t\000a}{subsection.5.6.4}% 85
\BOOKMARK [1][-]{section.5.7}{\376\377\000a\000f\000l\000r\0002\000u\000t\000i\000l\000s\000.\000d\000i\000s\000t\000r\000i\000b\000u\000t\000i\000o\000n\000s\000.\000U\000n\000i\000f\000o\000r\000m\000\040\000C\000l\000a\000s\000s\000\040\000R\000e\000f\000e\000r\000e\000n\000c\000e}{chapter.5}% 86
\BOOKMARK [2][-]{subsection.5.7.1}{\376\377\000D\000e\000t\000a\000i\000l\000e\000d\000\040\000D\000e\000s\000c\000r\000i\000p\000t\000i\000o\000n}{section.5.7}% 87
\BOOKMARK [2][-]{subsection.5.7.2}{\376\377\000C\000o\000n\000s\000t\000r\000u\000c\000t\000o\000r\000\040\000\046\000\040\000D\000e\000s\000t\000r\000u\000c\000t\000o\000r\000\040\000D\000o\000c\000u\000m\000e\000n\000t\000a\000t\000i\000o\000n}{section.5.7}% 88
\BOOKMARK [3][-]{subsubsection.5.7.2.1}{\376\377\000\137\000\137\000i\000n\000i\000t\000\137\000\137}{subsection.5.7.2}% 89
\BOOKMARK [2][-]{subsection.5.7.3}{\376\377\000M\000e\000m\000b\000e\000r\000\040\000F\000u\000n\000c\000t\000i\000o\000n\000\040\000D\000o\000c\000u\000m\000e\000n\000t\000a\000t\000i\000o\000n}{section.5.7}% 90
\BOOKMARK [3][-]{subsubsection.5.7.3.1}{\376\377\000s}{subsection.5.7.3}% 91
\BOOKMARK [2][-]{subsection.5.7.4}{\376\377\000M\000e\000m\000b\000e\000r\000\040\000D\000a\000t\000a\000\040\000D\000o\000c\000u\000m\000e\000n\000t\000a\000t\000i\000o\000n}{section.5.7}% 92
\BOOKMARK [3][-]{subsubsection.5.7.4.1}{\376\377\000i\000m\000a\000x}{subsection.5.7.4}% 93
\BOOKMARK [0][-]{chapter.6}{\376\377\000F\000i\000l\000e\000\040\000D\000o\000c\000u\000m\000e\000n\000t\000a\000t\000i\000o\000n}{}% 94
\BOOKMARK [1][-]{section.6.1}{\376\377\000\137\000\137\000i\000n\000i\000t\000\137\000\137\000.\000p\000y\000\040\000F\000i\000l\000e\000\040\000R\000e\000f\000e\000r\000e\000n\000c\000e}{chapter.6}% 95
\BOOKMARK [1][-]{section.6.2}{\376\377\000d\000i\000s\000t\000r\000i\000b\000u\000t\000i\000o\000n\000s\000.\000p\000y\000\040\000F\000i\000l\000e\000\040\000R\000e\000f\000e\000r\000e\000n\000c\000e}{chapter.6}% 96
\BOOKMARK [1][-]{section.6.3}{\376\377\000g\000e\000o\000m\000e\000t\000r\000y\000.\000p\000y\000\040\000F\000i\000l\000e\000\040\000R\000e\000f\000e\000r\000e\000n\000c\000e}{chapter.6}% 97
\BOOKMARK [1][-]{section.6.4}{\376\377\000m\000e\000s\000h\000.\000p\000y\000\040\000F\000i\000l\000e\000\040\000R\000e\000f\000e\000r\000e\000n\000c\000e}{chapter.6}% 98
\BOOKMARK [0][-]{section*.31}{\376\377\000I\000n\000d\000e\000x}{}% 99
